<?xml version="1.0" encoding="UTF-8"?>
<!-- Generated by org.testng.reporters.JUnitReportReporter -->
<testsuite hostname="DESKTOP-1T195I4" failures="0" tests="10" name="com.nopcommerce.user.Register_User_Nopcommerce" time="26.018" errors="0" timestamp="13 Jun 2022 09:58:08 GMT" skipped="0">
  <testcase classname="com.nopcommerce.user.Register_User_Nopcommerce" name="TC_02_Register_Invalid_Email" time="2.228"/>
  <testcase classname="com.nopcommerce.user.Register_User_Nopcommerce" name="TC_03_Register_Valid_Information" time="2.470"/>
  <testcase classname="com.nopcommerce.user.Register_User_Nopcommerce" name="TC_05_Register_Exist_Email" time="1.443"/>
  <testcase classname="com.nopcommerce.user.Register_User_Nopcommerce" name="TC_04_Register_Short_Password" time="1.590"/>
  <testcase classname="com.nopcommerce.user.Register_User_Nopcommerce" name="TC_05_Register_Exist_Email" time="2.678"/>
  <testcase classname="com.nopcommerce.user.Register_User_Nopcommerce" name="TC_02_Register_Invalid_Email" time="1.228"/>
  <testcase classname="com.nopcommerce.user.Register_User_Nopcommerce" name="TC_04_Register_Short_Password" time="7.547"/>
  <testcase classname="com.nopcommerce.user.Register_User_Nopcommerce" name="TC_03_Register_Valid_Information" time="4.340"/>
  <testcase classname="com.nopcommerce.user.Register_User_Nopcommerce" name="TC_01_Register_Empty_Data" time="0.870"/>
  <testcase classname="com.nopcommerce.user.Register_User_Nopcommerce" name="TC_01_Register_Empty_Data" time="1.624"/>
</testsuite> <!-- com.nopcommerce.user.Register_User_Nopcommerce -->
