<?xml version="1.0" encoding="UTF-8"?>
<!-- Generated by org.testng.reporters.JUnitReportReporter -->
<testsuite hostname="DESKTOP-1T195I4" failures="0" tests="8" name="com.nopcommerce.user.Account_User_Nopcommerce" time="41.600" errors="0" timestamp="09 Jun 2022 20:03:50 GMT" skipped="0">
  <testcase classname="com.nopcommerce.user.Account_User_Nopcommerce" name="TC_03_Account_Change_Password" time="6.613"/>
  <testcase classname="com.nopcommerce.user.Account_User_Nopcommerce" name="TC_02_Account_Address" time="3.962"/>
  <testcase classname="com.nopcommerce.user.Account_User_Nopcommerce" name="TC_01_Account_Customer_Information" time="6.454"/>
  <testcase classname="com.nopcommerce.user.Account_User_Nopcommerce" name="TC_04_Account_My_Product_Review" time="5.398"/>
  <testcase classname="com.nopcommerce.user.Account_User_Nopcommerce" name="TC_02_Account_Address" time="8.120"/>
  <testcase classname="com.nopcommerce.user.Account_User_Nopcommerce" name="TC_01_Account_Customer_Information" time="3.389"/>
  <testcase classname="com.nopcommerce.user.Account_User_Nopcommerce" name="TC_04_Account_My_Product_Review" time="3.359"/>
  <testcase classname="com.nopcommerce.user.Account_User_Nopcommerce" name="TC_03_Account_Change_Password" time="4.305"/>
</testsuite> <!-- com.nopcommerce.user.Account_User_Nopcommerce -->
