<?xml version="1.0" encoding="UTF-8"?>
<!-- Generated by org.testng.reporters.JUnitReportReporter -->
<testsuite hostname="DESKTOP-1T195I4" failures="0" tests="12" name="com.nopcommerce.user.Login_User_Nopcommerce" time="12.816" errors="0" timestamp="09 Jun 2022 20:03:50 GMT" skipped="0">
  <testcase classname="com.nopcommerce.user.Login_User_Nopcommerce" name="TC_04_Login_Empty_Password" time="1.324"/>
  <testcase classname="com.nopcommerce.user.Login_User_Nopcommerce" name="TC_03_Login_Unregistered_Email" time="1.529"/>
  <testcase classname="com.nopcommerce.user.Login_User_Nopcommerce" name="TC_01_Login_Empty_Data" time="0.262"/>
  <testcase classname="com.nopcommerce.user.Login_User_Nopcommerce" name="TC_04_Login_Empty_Password" time="0.886"/>
  <testcase classname="com.nopcommerce.user.Login_User_Nopcommerce" name="TC_06_Login_Success" time="1.876"/>
  <testcase classname="com.nopcommerce.user.Login_User_Nopcommerce" name="TC_05_Login_Wrong_Password" time="1.081"/>
  <testcase classname="com.nopcommerce.user.Login_User_Nopcommerce" name="TC_06_Login_Success" time="1.344"/>
  <testcase classname="com.nopcommerce.user.Login_User_Nopcommerce" name="TC_05_Login_Wrong_Password" time="1.529"/>
  <testcase classname="com.nopcommerce.user.Login_User_Nopcommerce" name="TC_02_Login_Invalid_Email" time="1.140"/>
  <testcase classname="com.nopcommerce.user.Login_User_Nopcommerce" name="TC_01_Login_Empty_Data" time="0.135"/>
  <testcase classname="com.nopcommerce.user.Login_User_Nopcommerce" name="TC_03_Login_Unregistered_Email" time="0.994"/>
  <testcase classname="com.nopcommerce.user.Login_User_Nopcommerce" name="TC_02_Login_Invalid_Email" time="0.716"/>
</testsuite> <!-- com.nopcommerce.user.Login_User_Nopcommerce -->
