<?xml version="1.0" encoding="UTF-8"?>
<!-- Generated by org.testng.reporters.JUnitReportReporter -->
<testsuite hostname="DESKTOP-1T195I4" failures="0" tests="12" name="com.nopcommerce.user.Login_User_Nopcommerce" time="13.786" errors="0" timestamp="13 Jun 2022 09:58:08 GMT" skipped="0">
  <testcase classname="com.nopcommerce.user.Login_User_Nopcommerce" name="TC_04_Login_Empty_Password" time="0.885"/>
  <testcase classname="com.nopcommerce.user.Login_User_Nopcommerce" name="TC_02_Login_Invalid_Email" time="1.318"/>
  <testcase classname="com.nopcommerce.user.Login_User_Nopcommerce" name="TC_01_Login_Empty_Data" time="0.132"/>
  <testcase classname="com.nopcommerce.user.Login_User_Nopcommerce" name="TC_01_Login_Empty_Data" time="0.280"/>
  <testcase classname="com.nopcommerce.user.Login_User_Nopcommerce" name="TC_03_Login_Unregistered_Email" time="1.038"/>
  <testcase classname="com.nopcommerce.user.Login_User_Nopcommerce" name="TC_06_Login_Success" time="2.019"/>
  <testcase classname="com.nopcommerce.user.Login_User_Nopcommerce" name="TC_06_Login_Success" time="1.476"/>
  <testcase classname="com.nopcommerce.user.Login_User_Nopcommerce" name="TC_03_Login_Unregistered_Email" time="1.719"/>
  <testcase classname="com.nopcommerce.user.Login_User_Nopcommerce" name="TC_04_Login_Empty_Password" time="1.480"/>
  <testcase classname="com.nopcommerce.user.Login_User_Nopcommerce" name="TC_05_Login_Wrong_Password" time="1.753"/>
  <testcase classname="com.nopcommerce.user.Login_User_Nopcommerce" name="TC_05_Login_Wrong_Password" time="0.988"/>
  <testcase classname="com.nopcommerce.user.Login_User_Nopcommerce" name="TC_02_Login_Invalid_Email" time="0.698"/>
</testsuite> <!-- com.nopcommerce.user.Login_User_Nopcommerce -->
